This file contains any messages produced by compilers while
running configure, to aid debugging if configure makes a mistake.

It was created by selink configure 1.0, which was
generated by GNU Autoconf 2.63.  Invocation command line was

  $ ./configure --no-create --no-recursion

## --------- ##
## Platform. ##
## --------- ##

hostname = bic-t1a.cluster.pasteur.fr
uname -m = x86_64
uname -r = 2.6.32-431.3.1.el6.x86_64
uname -s = Linux
uname -v = #1 SMP Fri Jan 3 21:39:27 UTC 2014

/usr/bin/uname -p = unknown
/bin/uname -X     = unknown

/bin/arch              = x86_64
/usr/bin/arch -k       = unknown
/usr/convex/getsysinfo = unknown
/usr/bin/hostinfo      = unknown
/bin/machine           = unknown
/usr/bin/oslevel       = unknown
/bin/universe          = unknown

PATH: /pasteur/services/soge/bin
PATH: /pasteur/services/soge/bin/lx-amd64
PATH: /mount/biotools/bin
PATH: /local/gensoft2/scripts
PATH: /usr/local/bin
PATH: /bin
PATH: /usr/bin
PATH: /usr/local/sbin
PATH: /usr/sbin
PATH: /sbin
PATH: /var/cfengine/bin
PATH: /pasteur/homes/glaval/bin


## ----------- ##
## Core tests. ##
## ----------- ##

configure:1879: checking for gcc
configure:1895: found /usr/bin/gcc
configure:1906: result: gcc
configure:2138: checking for C compiler version
configure:2146: gcc --version >&5
gcc (GCC) 4.4.7 20120313 (Red Hat 4.4.7-4)
Copyright (C) 2010 Free Software Foundation, Inc.
This is free software; see the source for copying conditions.  There is NO
warranty; not even for MERCHANTABILITY or FITNESS FOR A PARTICULAR PURPOSE.

configure:2150: $? = 0
configure:2157: gcc -v >&5
Using built-in specs.
Target: x86_64-redhat-linux
Configured with: ../configure --prefix=/usr --mandir=/usr/share/man --infodir=/usr/share/info --with-bugurl=http://bugzilla.redhat.com/bugzilla --enable-bootstrap --enable-shared --enable-threads=posix --enable-checking=release --with-system-zlib --enable-__cxa_atexit --disable-libunwind-exceptions --enable-gnu-unique-object --enable-languages=c,c++,objc,obj-c++,java,fortran,ada --enable-java-awt=gtk --disable-dssi --with-java-home=/usr/lib/jvm/java-1.5.0-gcj-1.5.0.0/jre --enable-libgcj-multifile --enable-java-maintainer-mode --with-ecj-jar=/usr/share/java/eclipse-ecj.jar --disable-libjava-multilib --with-ppl --with-cloog --with-tune=generic --with-arch_32=i686 --build=x86_64-redhat-linux
Thread model: posix
gcc version 4.4.7 20120313 (Red Hat 4.4.7-4) (GCC) 
configure:2161: $? = 0
configure:2168: gcc -V >&5
gcc: '-V' option must have argument
configure:2172: $? = 1
configure:2195: checking for C compiler default output file name
configure:2217: gcc    conftest.c  >&5
configure:2221: $? = 0
configure:2259: result: a.out
configure:2278: checking whether the C compiler works
configure:2288: ./a.out
configure:2292: $? = 0
configure:2311: result: yes
configure:2318: checking whether we are cross compiling
configure:2320: result: no
configure:2323: checking for suffix of executables
configure:2330: gcc -o conftest    conftest.c  >&5
configure:2334: $? = 0
configure:2360: result: 
configure:2366: checking for suffix of object files
configure:2392: gcc -c   conftest.c >&5
configure:2396: $? = 0
configure:2421: result: o
configure:2425: checking whether we are using the GNU C compiler
configure:2454: gcc -c   conftest.c >&5
configure:2461: $? = 0
configure:2478: result: yes
configure:2487: checking whether gcc accepts -g
configure:2517: gcc -c -g  conftest.c >&5
configure:2524: $? = 0
configure:2625: result: yes
configure:2642: checking for gcc option to accept ISO C89
configure:2716: gcc  -c -g -O2  conftest.c >&5
configure:2723: $? = 0
configure:2746: result: none needed
configure:2764: checking for gcc option to accept ISO C99
configure:2923: gcc  -c -g -O2  conftest.c >&5
conftest.c:58: error: expected ';', ',' or ')' before 'text'
conftest.c: In function 'main':
conftest.c:112: error: expected '=', ',', ';', 'asm' or '__attribute__' before 'newvar'
conftest.c:112: error: 'newvar' undeclared (first use in this function)
conftest.c:112: error: (Each undeclared identifier is reported only once
conftest.c:112: error: for each function it appears in.)
conftest.c:122: error: 'for' loop initial declarations are only allowed in C99 mode
conftest.c:122: note: use option -std=c99 or -std=gnu99 to compile your code
configure:2930: $? = 1
configure: failed program was:
| /* confdefs.h.  */
| #define PACKAGE_NAME "selink"
| #define PACKAGE_TARNAME "selink"
| #define PACKAGE_VERSION "1.0"
| #define PACKAGE_STRING "selink 1.0"
| #define PACKAGE_BUGREPORT "pierre.boutillier@laposte.net, epatin@pasteur.fr, glaval@pasteur.fr"
| /* end confdefs.h.  */
| #include <stdarg.h>
| #include <stdbool.h>
| #include <stdlib.h>
| #include <wchar.h>
| #include <stdio.h>
| 
| // Check varargs macros.  These examples are taken from C99 6.10.3.5.
| #define debug(...) fprintf (stderr, __VA_ARGS__)
| #define showlist(...) puts (#__VA_ARGS__)
| #define report(test,...) ((test) ? puts (#test) : printf (__VA_ARGS__))
| static void
| test_varargs_macros (void)
| {
|   int x = 1234;
|   int y = 5678;
|   debug ("Flag");
|   debug ("X = %d\n", x);
|   showlist (The first, second, and third items.);
|   report (x>y, "x is %d but y is %d", x, y);
| }
| 
| // Check long long types.
| #define BIG64 18446744073709551615ull
| #define BIG32 4294967295ul
| #define BIG_OK (BIG64 / BIG32 == 4294967297ull && BIG64 % BIG32 == 0)
| #if !BIG_OK
|   your preprocessor is broken;
| #endif
| #if BIG_OK
| #else
|   your preprocessor is broken;
| #endif
| static long long int bignum = -9223372036854775807LL;
| static unsigned long long int ubignum = BIG64;
| 
| struct incomplete_array
| {
|   int datasize;
|   double data[];
| };
| 
| struct named_init {
|   int number;
|   const wchar_t *name;
|   double average;
| };
| 
| typedef const char *ccp;
| 
| static inline int
| test_restrict (ccp restrict text)
| {
|   // See if C++-style comments work.
|   // Iterate through items via the restricted pointer.
|   // Also check for declarations in for loops.
|   for (unsigned int i = 0; *(text+i) != '\0'; ++i)
|     continue;
|   return 0;
| }
| 
| // Check varargs and va_copy.
| static void
| test_varargs (const char *format, ...)
| {
|   va_list args;
|   va_start (args, format);
|   va_list args_copy;
|   va_copy (args_copy, args);
| 
|   const char *str;
|   int number;
|   float fnumber;
| 
|   while (*format)
|     {
|       switch (*format++)
| 	{
| 	case 's': // string
| 	  str = va_arg (args_copy, const char *);
| 	  break;
| 	case 'd': // int
| 	  number = va_arg (args_copy, int);
| 	  break;
| 	case 'f': // float
| 	  fnumber = va_arg (args_copy, double);
| 	  break;
| 	default:
| 	  break;
| 	}
|     }
|   va_end (args_copy);
|   va_end (args);
| }
| 
| int
| main ()
| {
| 
|   // Check bool.
|   _Bool success = false;
| 
|   // Check restrict.
|   if (test_restrict ("String literal") == 0)
|     success = true;
|   char *restrict newvar = "Another string";
| 
|   // Check varargs.
|   test_varargs ("s, d' f .", "string", 65, 34.234);
|   test_varargs_macros ();
| 
|   // Check flexible array members.
|   struct incomplete_array *ia =
|     malloc (sizeof (struct incomplete_array) + (sizeof (double) * 10));
|   ia->datasize = 10;
|   for (int i = 0; i < ia->datasize; ++i)
|     ia->data[i] = i * 1.234;
| 
|   // Check named initializers.
|   struct named_init ni = {
|     .number = 34,
|     .name = L"Test wide string",
|     .average = 543.34343,
|   };
| 
|   ni.number = 58;
| 
|   int dynamic_array[ni.number];
|   dynamic_array[ni.number - 1] = 543;
| 
|   // work around unused variable warnings
|   return (!success || bignum == 0LL || ubignum == 0uLL || newvar[0] == 'x'
| 	  || dynamic_array[ni.number - 1] != 543);
| 
|   ;
|   return 0;
| }
configure:2923: gcc -std=gnu99 -c -g -O2  conftest.c >&5
configure:2930: $? = 0
configure:2960: result: -std=gnu99
configure:2972: checking how to run the C preprocessor
configure:3012: gcc -std=gnu99 -E  conftest.c
configure:3019: $? = 0
configure:3050: gcc -std=gnu99 -E  conftest.c
conftest.c:8:28: error: ac_nonexistent.h: No such file or directory
configure:3057: $? = 1
configure: failed program was:
| /* confdefs.h.  */
| #define PACKAGE_NAME "selink"
| #define PACKAGE_TARNAME "selink"
| #define PACKAGE_VERSION "1.0"
| #define PACKAGE_STRING "selink 1.0"
| #define PACKAGE_BUGREPORT "pierre.boutillier@laposte.net, epatin@pasteur.fr, glaval@pasteur.fr"
| /* end confdefs.h.  */
| #include <ac_nonexistent.h>
configure:3090: result: gcc -std=gnu99 -E
configure:3119: gcc -std=gnu99 -E  conftest.c
configure:3126: $? = 0
configure:3157: gcc -std=gnu99 -E  conftest.c
conftest.c:8:28: error: ac_nonexistent.h: No such file or directory
configure:3164: $? = 1
configure: failed program was:
| /* confdefs.h.  */
| #define PACKAGE_NAME "selink"
| #define PACKAGE_TARNAME "selink"
| #define PACKAGE_VERSION "1.0"
| #define PACKAGE_STRING "selink 1.0"
| #define PACKAGE_BUGREPORT "pierre.boutillier@laposte.net, epatin@pasteur.fr, glaval@pasteur.fr"
| /* end confdefs.h.  */
| #include <ac_nonexistent.h>
configure:3204: checking for grep that handles long lines and -e
configure:3264: result: /bin/grep
configure:3269: checking for egrep
configure:3333: result: /bin/grep -E
configure:3338: checking for ANSI C header files
configure:3368: gcc -std=gnu99 -c -g -O2  conftest.c >&5
configure:3375: $? = 0
configure:3474: gcc -std=gnu99 -o conftest -g -O2   conftest.c  >&5
configure:3478: $? = 0
configure:3484: ./conftest
configure:3488: $? = 0
configure:3506: result: yes
configure:3530: checking for sys/types.h
configure:3551: gcc -std=gnu99 -c -g -O2  conftest.c >&5
configure:3558: $? = 0
configure:3575: result: yes
configure:3530: checking for sys/stat.h
configure:3551: gcc -std=gnu99 -c -g -O2  conftest.c >&5
configure:3558: $? = 0
configure:3575: result: yes
configure:3530: checking for stdlib.h
configure:3551: gcc -std=gnu99 -c -g -O2  conftest.c >&5
configure:3558: $? = 0
configure:3575: result: yes
configure:3530: checking for string.h
configure:3551: gcc -std=gnu99 -c -g -O2  conftest.c >&5
configure:3558: $? = 0
configure:3575: result: yes
configure:3530: checking for memory.h
configure:3551: gcc -std=gnu99 -c -g -O2  conftest.c >&5
configure:3558: $? = 0
configure:3575: result: yes
configure:3530: checking for strings.h
configure:3551: gcc -std=gnu99 -c -g -O2  conftest.c >&5
configure:3558: $? = 0
configure:3575: result: yes
configure:3530: checking for inttypes.h
configure:3551: gcc -std=gnu99 -c -g -O2  conftest.c >&5
configure:3558: $? = 0
configure:3575: result: yes
configure:3530: checking for stdint.h
configure:3551: gcc -std=gnu99 -c -g -O2  conftest.c >&5
configure:3558: $? = 0
configure:3575: result: yes
configure:3530: checking for unistd.h
configure:3551: gcc -std=gnu99 -c -g -O2  conftest.c >&5
configure:3558: $? = 0
configure:3575: result: yes
configure:3600: checking minix/config.h usability
configure:3617: gcc -std=gnu99 -c -g -O2  conftest.c >&5
conftest.c:51:26: error: minix/config.h: No such file or directory
configure:3624: $? = 1
configure: failed program was:
| /* confdefs.h.  */
| #define PACKAGE_NAME "selink"
| #define PACKAGE_TARNAME "selink"
| #define PACKAGE_VERSION "1.0"
| #define PACKAGE_STRING "selink 1.0"
| #define PACKAGE_BUGREPORT "pierre.boutillier@laposte.net, epatin@pasteur.fr, glaval@pasteur.fr"
| #define STDC_HEADERS 1
| #define HAVE_SYS_TYPES_H 1
| #define HAVE_SYS_STAT_H 1
| #define HAVE_STDLIB_H 1
| #define HAVE_STRING_H 1
| #define HAVE_MEMORY_H 1
| #define HAVE_STRINGS_H 1
| #define HAVE_INTTYPES_H 1
| #define HAVE_STDINT_H 1
| #define HAVE_UNISTD_H 1
| /* end confdefs.h.  */
| #include <stdio.h>
| #ifdef HAVE_SYS_TYPES_H
| # include <sys/types.h>
| #endif
| #ifdef HAVE_SYS_STAT_H
| # include <sys/stat.h>
| #endif
| #ifdef STDC_HEADERS
| # include <stdlib.h>
| # include <stddef.h>
| #else
| # ifdef HAVE_STDLIB_H
| #  include <stdlib.h>
| # endif
| #endif
| #ifdef HAVE_STRING_H
| # if !defined STDC_HEADERS && defined HAVE_MEMORY_H
| #  include <memory.h>
| # endif
| # include <string.h>
| #endif
| #ifdef HAVE_STRINGS_H
| # include <strings.h>
| #endif
| #ifdef HAVE_INTTYPES_H
| # include <inttypes.h>
| #endif
| #ifdef HAVE_STDINT_H
| # include <stdint.h>
| #endif
| #ifdef HAVE_UNISTD_H
| # include <unistd.h>
| #endif
| #include <minix/config.h>
configure:3638: result: no
configure:3642: checking minix/config.h presence
configure:3657: gcc -std=gnu99 -E  conftest.c
conftest.c:18:26: error: minix/config.h: No such file or directory
configure:3664: $? = 1
configure: failed program was:
| /* confdefs.h.  */
| #define PACKAGE_NAME "selink"
| #define PACKAGE_TARNAME "selink"
| #define PACKAGE_VERSION "1.0"
| #define PACKAGE_STRING "selink 1.0"
| #define PACKAGE_BUGREPORT "pierre.boutillier@laposte.net, epatin@pasteur.fr, glaval@pasteur.fr"
| #define STDC_HEADERS 1
| #define HAVE_SYS_TYPES_H 1
| #define HAVE_SYS_STAT_H 1
| #define HAVE_STDLIB_H 1
| #define HAVE_STRING_H 1
| #define HAVE_MEMORY_H 1
| #define HAVE_STRINGS_H 1
| #define HAVE_INTTYPES_H 1
| #define HAVE_STDINT_H 1
| #define HAVE_UNISTD_H 1
| /* end confdefs.h.  */
| #include <minix/config.h>
configure:3678: result: no
configure:3711: checking for minix/config.h
configure:3718: result: no
configure:3749: checking whether it is safe to define __EXTENSIONS__
configure:3777: gcc -std=gnu99 -c -g -O2  conftest.c >&5
configure:3784: $? = 0
configure:3799: result: yes
configure:3825: checking for library containing log
configure:3866: gcc -std=gnu99 -o conftest -g -O2   conftest.c  >&5
conftest.c:30: warning: conflicting types for built-in function 'log'
/tmp/ccOl6JfQ.o: In function `main':
/pasteur/homes/glaval/CENTRALTEST/Selink_2/selink/conftest.c:34: undefined reference to `log'
collect2: ld returned 1 exit status
configure:3873: $? = 1
configure: failed program was:
| /* confdefs.h.  */
| #define PACKAGE_NAME "selink"
| #define PACKAGE_TARNAME "selink"
| #define PACKAGE_VERSION "1.0"
| #define PACKAGE_STRING "selink 1.0"
| #define PACKAGE_BUGREPORT "pierre.boutillier@laposte.net, epatin@pasteur.fr, glaval@pasteur.fr"
| #define STDC_HEADERS 1
| #define HAVE_SYS_TYPES_H 1
| #define HAVE_SYS_STAT_H 1
| #define HAVE_STDLIB_H 1
| #define HAVE_STRING_H 1
| #define HAVE_MEMORY_H 1
| #define HAVE_STRINGS_H 1
| #define HAVE_INTTYPES_H 1
| #define HAVE_STDINT_H 1
| #define HAVE_UNISTD_H 1
| #define __EXTENSIONS__ 1
| #define _ALL_SOURCE 1
| #define _GNU_SOURCE 1
| #define _POSIX_PTHREAD_SEMANTICS 1
| #define _TANDEM_SOURCE 1
| /* end confdefs.h.  */
| 
| /* Override any GCC internal prototype to avoid an error.
|    Use char because int might match the return type of a GCC
|    builtin and then its argument prototype would still apply.  */
| #ifdef __cplusplus
| extern "C"
| #endif
| char log ();
| int
| main ()
| {
| return log ();
|   ;
|   return 0;
| }
configure:3866: gcc -std=gnu99 -o conftest -g -O2   conftest.c -lm   >&5
conftest.c:30: warning: conflicting types for built-in function 'log'
configure:3873: $? = 0
configure:3904: result: -lm
configure:3912: checking for library containing pthread_create
configure:3953: gcc -std=gnu99 -o conftest -g -O2   conftest.c -lm  >&5
/tmp/ccVSgiHz.o: In function `main':
/pasteur/homes/glaval/CENTRALTEST/Selink_2/selink/conftest.c:34: undefined reference to `pthread_create'
collect2: ld returned 1 exit status
configure:3960: $? = 1
configure: failed program was:
| /* confdefs.h.  */
| #define PACKAGE_NAME "selink"
| #define PACKAGE_TARNAME "selink"
| #define PACKAGE_VERSION "1.0"
| #define PACKAGE_STRING "selink 1.0"
| #define PACKAGE_BUGREPORT "pierre.boutillier@laposte.net, epatin@pasteur.fr, glaval@pasteur.fr"
| #define STDC_HEADERS 1
| #define HAVE_SYS_TYPES_H 1
| #define HAVE_SYS_STAT_H 1
| #define HAVE_STDLIB_H 1
| #define HAVE_STRING_H 1
| #define HAVE_MEMORY_H 1
| #define HAVE_STRINGS_H 1
| #define HAVE_INTTYPES_H 1
| #define HAVE_STDINT_H 1
| #define HAVE_UNISTD_H 1
| #define __EXTENSIONS__ 1
| #define _ALL_SOURCE 1
| #define _GNU_SOURCE 1
| #define _POSIX_PTHREAD_SEMANTICS 1
| #define _TANDEM_SOURCE 1
| /* end confdefs.h.  */
| 
| /* Override any GCC internal prototype to avoid an error.
|    Use char because int might match the return type of a GCC
|    builtin and then its argument prototype would still apply.  */
| #ifdef __cplusplus
| extern "C"
| #endif
| char pthread_create ();
| int
| main ()
| {
| return pthread_create ();
|   ;
|   return 0;
| }
configure:3953: gcc -std=gnu99 -o conftest -g -O2   conftest.c -lpthread  -lm  >&5
configure:3960: $? = 0
configure:3991: result: -lpthread
configure:4001: checking for inline
configure:4027: gcc -std=gnu99 -c -g -O2  conftest.c >&5
configure:4034: $? = 0
configure:4052: result: inline
configure:4071: checking for size_t
configure:4099: gcc -std=gnu99 -c -g -O2  conftest.c >&5
configure:4106: $? = 0
configure:4133: gcc -std=gnu99 -c -g -O2  conftest.c >&5
conftest.c: In function 'main':
conftest.c:59: error: expected expression before ')' token
configure:4140: $? = 1
configure: failed program was:
| /* confdefs.h.  */
| #define PACKAGE_NAME "selink"
| #define PACKAGE_TARNAME "selink"
| #define PACKAGE_VERSION "1.0"
| #define PACKAGE_STRING "selink 1.0"
| #define PACKAGE_BUGREPORT "pierre.boutillier@laposte.net, epatin@pasteur.fr, glaval@pasteur.fr"
| #define STDC_HEADERS 1
| #define HAVE_SYS_TYPES_H 1
| #define HAVE_SYS_STAT_H 1
| #define HAVE_STDLIB_H 1
| #define HAVE_STRING_H 1
| #define HAVE_MEMORY_H 1
| #define HAVE_STRINGS_H 1
| #define HAVE_INTTYPES_H 1
| #define HAVE_STDINT_H 1
| #define HAVE_UNISTD_H 1
| #define __EXTENSIONS__ 1
| #define _ALL_SOURCE 1
| #define _GNU_SOURCE 1
| #define _POSIX_PTHREAD_SEMANTICS 1
| #define _TANDEM_SOURCE 1
| /* end confdefs.h.  */
| #include <stdio.h>
| #ifdef HAVE_SYS_TYPES_H
| # include <sys/types.h>
| #endif
| #ifdef HAVE_SYS_STAT_H
| # include <sys/stat.h>
| #endif
| #ifdef STDC_HEADERS
| # include <stdlib.h>
| # include <stddef.h>
| #else
| # ifdef HAVE_STDLIB_H
| #  include <stdlib.h>
| # endif
| #endif
| #ifdef HAVE_STRING_H
| # if !defined STDC_HEADERS && defined HAVE_MEMORY_H
| #  include <memory.h>
| # endif
| # include <string.h>
| #endif
| #ifdef HAVE_STRINGS_H
| # include <strings.h>
| #endif
| #ifdef HAVE_INTTYPES_H
| # include <inttypes.h>
| #endif
| #ifdef HAVE_STDINT_H
| # include <stdint.h>
| #endif
| #ifdef HAVE_UNISTD_H
| # include <unistd.h>
| #endif
| int
| main ()
| {
| if (sizeof ((size_t)))
| 	  return 0;
|   ;
|   return 0;
| }
configure:4163: result: yes
configure:4182: checking for special C compiler options needed for large files
configure:4277: result: no
configure:4283: checking for _FILE_OFFSET_BITS value needed for large files
configure:4318: gcc -std=gnu99 -c -g -O2  conftest.c >&5
configure:4325: $? = 0
configure:4394: result: no
configure:4556: checking ctype.h usability
configure:4573: gcc -std=gnu99 -c -g -O2  conftest.c >&5
configure:4580: $? = 0
configure:4594: result: yes
configure:4598: checking ctype.h presence
configure:4613: gcc -std=gnu99 -E  conftest.c
configure:4620: $? = 0
configure:4634: result: yes
configure:4667: checking for ctype.h
configure:4676: result: yes
configure:4556: checking err.h usability
configure:4573: gcc -std=gnu99 -c -g -O2  conftest.c >&5
configure:4580: $? = 0
configure:4594: result: yes
configure:4598: checking err.h presence
configure:4613: gcc -std=gnu99 -E  conftest.c
configure:4620: $? = 0
configure:4634: result: yes
configure:4667: checking for err.h
configure:4676: result: yes
configure:4556: checking fcntl.h usability
configure:4573: gcc -std=gnu99 -c -g -O2  conftest.c >&5
configure:4580: $? = 0
configure:4594: result: yes
configure:4598: checking fcntl.h presence
configure:4613: gcc -std=gnu99 -E  conftest.c
configure:4620: $? = 0
configure:4634: result: yes
configure:4667: checking for fcntl.h
configure:4676: result: yes
configure:4556: checking getopt.h usability
configure:4573: gcc -std=gnu99 -c -g -O2  conftest.c >&5
configure:4580: $? = 0
configure:4594: result: yes
configure:4598: checking getopt.h presence
configure:4613: gcc -std=gnu99 -E  conftest.c
configure:4620: $? = 0
configure:4634: result: yes
configure:4667: checking for getopt.h
configure:4676: result: yes
configure:4556: checking libgen.h usability
configure:4573: gcc -std=gnu99 -c -g -O2  conftest.c >&5
configure:4580: $? = 0
configure:4594: result: yes
configure:4598: checking libgen.h presence
configure:4613: gcc -std=gnu99 -E  conftest.c
configure:4620: $? = 0
configure:4634: result: yes
configure:4667: checking for libgen.h
configure:4676: result: yes
configure:4556: checking stdbool.h usability
configure:4573: gcc -std=gnu99 -c -g -O2  conftest.c >&5
configure:4580: $? = 0
configure:4594: result: yes
configure:4598: checking stdbool.h presence
configure:4613: gcc -std=gnu99 -E  conftest.c
configure:4620: $? = 0
configure:4634: result: yes
configure:4667: checking for stdbool.h
configure:4676: result: yes
configure:4556: checking stdio.h usability
configure:4573: gcc -std=gnu99 -c -g -O2  conftest.c >&5
configure:4580: $? = 0
configure:4594: result: yes
configure:4598: checking stdio.h presence
configure:4613: gcc -std=gnu99 -E  conftest.c
configure:4620: $? = 0
configure:4634: result: yes
configure:4667: checking for stdio.h
configure:4676: result: yes
configure:4556: checking sys/mman.h usability
configure:4573: gcc -std=gnu99 -c -g -O2  conftest.c >&5
configure:4580: $? = 0
configure:4594: result: yes
configure:4598: checking sys/mman.h presence
configure:4613: gcc -std=gnu99 -E  conftest.c
configure:4620: $? = 0
configure:4634: result: yes
configure:4667: checking for sys/mman.h
configure:4676: result: yes
configure:4707: checking pthread.h usability
configure:4724: gcc -std=gnu99 -c -g -O2  conftest.c >&5
configure:4731: $? = 0
configure:4745: result: yes
configure:4749: checking pthread.h presence
configure:4764: gcc -std=gnu99 -E  conftest.c
configure:4771: $? = 0
configure:4785: result: yes
configure:4818: checking for pthread.h
configure:4827: result: yes
configure:4844: checking whether lstat dereferences a symlink specified with a trailing slash
configure:4880: gcc -std=gnu99 -o conftest -g -O2   conftest.c -lpthread -lm  >&5
configure:4884: $? = 0
configure:4890: ./conftest
configure:4894: $? = 0
configure:4918: result: yes
configure:4937: checking whether stat accepts an empty string
configure:4967: gcc -std=gnu99 -o conftest -g -O2   conftest.c -lpthread -lm  >&5
configure:4971: $? = 0
configure:4977: ./conftest
configure:4981: $? = 0
configure:4998: result: no
configure:5020: checking for stdlib.h
configure:5027: result: yes
configure:5020: checking for unistd.h
configure:5027: result: yes
configure:5170: checking for getpagesize
configure:5226: gcc -std=gnu99 -o conftest -g -O2   conftest.c -lpthread -lm  >&5
configure:5233: $? = 0
configure:5255: result: yes
configure:5267: checking for working mmap
configure:5414: gcc -std=gnu99 -o conftest -g -O2   conftest.c -lpthread -lm  >&5
configure:5418: $? = 0
configure:5424: ./conftest
configure:5428: $? = 0
configure:5445: result: yes
configure:5461: checking for stdlib.h
configure:5468: result: yes
configure:5607: checking for GNU libc compatible malloc
configure:5641: gcc -std=gnu99 -o conftest -g -O2   conftest.c -lpthread -lm  >&5
configure:5645: $? = 0
configure:5651: ./conftest
configure:5655: $? = 0
configure:5672: result: yes
configure:5705: checking for stdlib.h
configure:5712: result: yes
configure:5851: checking for GNU libc compatible realloc
configure:5885: gcc -std=gnu99 -o conftest -g -O2   conftest.c -lpthread -lm  >&5
configure:5889: $? = 0
configure:5895: ./conftest
configure:5899: $? = 0
configure:5916: result: yes
configure:5952: checking for strtol
configure:6008: gcc -std=gnu99 -o conftest -g -O2   conftest.c -lpthread -lm  >&5
configure:6015: $? = 0
configure:6037: result: yes
configure:5952: checking for strdup
configure:6008: gcc -std=gnu99 -o conftest -g -O2   conftest.c -lpthread -lm  >&5
conftest.c:65: warning: conflicting types for built-in function 'strdup'
configure:6015: $? = 0
configure:6037: result: yes
configure:5952: checking for strchr
configure:6008: gcc -std=gnu99 -o conftest -g -O2   conftest.c -lpthread -lm  >&5
conftest.c:66: warning: conflicting types for built-in function 'strchr'
configure:6015: $? = 0
configure:6037: result: yes
configure:5952: checking for pow
configure:6008: gcc -std=gnu99 -o conftest -g -O2   conftest.c -lpthread -lm  >&5
conftest.c:67: warning: conflicting types for built-in function 'pow'
configure:6015: $? = 0
configure:6037: result: yes
configure:5952: checking for asprintf
configure:6008: gcc -std=gnu99 -o conftest -g -O2   conftest.c -lpthread -lm  >&5
configure:6015: $? = 0
configure:6037: result: yes
configure:6097: checking for a BSD-compatible install
configure:6165: result: /usr/bin/install -c
configure:6176: checking whether build environment is sane
configure:6236: result: yes
configure:6377: checking for a thread-safe mkdir -p
configure:6416: result: /bin/mkdir -p
configure:6429: checking for gawk
configure:6445: found /bin/gawk
configure:6456: result: gawk
configure:6467: checking whether make sets $(MAKE)
configure:6489: result: yes
configure:6519: checking for style of include used by make
configure:6547: result: GNU
configure:6634: checking dependency style of gcc -std=gnu99
configure:6744: result: gcc3
configure:6886: creating ./config.status

## ---------------- ##
## Cache variables. ##
## ---------------- ##

ac_cv_c_compiler_gnu=yes
ac_cv_c_inline=inline
ac_cv_env_CC_set=
ac_cv_env_CC_value=
ac_cv_env_CFLAGS_set=
ac_cv_env_CFLAGS_value=
ac_cv_env_CPPFLAGS_set=
ac_cv_env_CPPFLAGS_value=
ac_cv_env_CPP_set=
ac_cv_env_CPP_value=
ac_cv_env_LDFLAGS_set=
ac_cv_env_LDFLAGS_value=
ac_cv_env_LIBS_set=
ac_cv_env_LIBS_value=
ac_cv_env_build_alias_set=
ac_cv_env_build_alias_value=
ac_cv_env_host_alias_set=
ac_cv_env_host_alias_value=
ac_cv_env_target_alias_set=
ac_cv_env_target_alias_value=
ac_cv_func_asprintf=yes
ac_cv_func_getpagesize=yes
ac_cv_func_lstat_dereferences_slashed_symlink=yes
ac_cv_func_malloc_0_nonnull=yes
ac_cv_func_mmap_fixed_mapped=yes
ac_cv_func_pow=yes
ac_cv_func_realloc_0_nonnull=yes
ac_cv_func_stat_empty_string_bug=no
ac_cv_func_strchr=yes
ac_cv_func_strdup=yes
ac_cv_func_strtol=yes
ac_cv_header_ctype_h=yes
ac_cv_header_err_h=yes
ac_cv_header_fcntl_h=yes
ac_cv_header_getopt_h=yes
ac_cv_header_inttypes_h=yes
ac_cv_header_libgen_h=yes
ac_cv_header_memory_h=yes
ac_cv_header_minix_config_h=no
ac_cv_header_pthread_h=yes
ac_cv_header_stdbool_h=yes
ac_cv_header_stdc=yes
ac_cv_header_stdint_h=yes
ac_cv_header_stdio_h=yes
ac_cv_header_stdlib_h=yes
ac_cv_header_string_h=yes
ac_cv_header_strings_h=yes
ac_cv_header_sys_mman_h=yes
ac_cv_header_sys_stat_h=yes
ac_cv_header_sys_types_h=yes
ac_cv_header_unistd_h=yes
ac_cv_objext=o
ac_cv_path_EGREP='/bin/grep -E'
ac_cv_path_GREP=/bin/grep
ac_cv_path_install='/usr/bin/install -c'
ac_cv_path_mkdir=/bin/mkdir
ac_cv_prog_AWK=gawk
ac_cv_prog_CPP='gcc -std=gnu99 -E'
ac_cv_prog_ac_ct_CC=gcc
ac_cv_prog_cc_c89=
ac_cv_prog_cc_c99=-std=gnu99
ac_cv_prog_cc_g=yes
ac_cv_prog_make_make_set=yes
ac_cv_safe_to_define___extensions__=yes
ac_cv_search_log=-lm
ac_cv_search_pthread_create=-lpthread
ac_cv_sys_file_offset_bits=no
ac_cv_sys_largefile_CC=no
ac_cv_type_size_t=yes
am_cv_CC_dependencies_compiler_type=gcc3

## ----------------- ##
## Output variables. ##
## ----------------- ##

ACLOCAL='${SHELL} /pasteur/homes/glaval/CENTRALTEST/Selink_2/selink/missing --run aclocal-1.11'
AMDEPBACKSLASH='\'
AMDEP_FALSE='#'
AMDEP_TRUE=''
AMTAR='${SHELL} /pasteur/homes/glaval/CENTRALTEST/Selink_2/selink/missing --run tar'
AUTOCONF='${SHELL} /pasteur/homes/glaval/CENTRALTEST/Selink_2/selink/missing --run autoconf'
AUTOHEADER='${SHELL} /pasteur/homes/glaval/CENTRALTEST/Selink_2/selink/missing --run autoheader'
AUTOMAKE='${SHELL} /pasteur/homes/glaval/CENTRALTEST/Selink_2/selink/missing --run automake-1.11'
AWK='gawk'
CC='gcc -std=gnu99'
CCDEPMODE='depmode=gcc3'
CFLAGS='-g -O2'
CPP='gcc -std=gnu99 -E'
CPPFLAGS=''
CYGPATH_W='echo'
DEFS='-DHAVE_CONFIG_H'
DEPDIR='.deps'
ECHO_C=''
ECHO_N='-n'
ECHO_T=''
EGREP='/bin/grep -E'
EXEEXT=''
GREP='/bin/grep'
INSTALL_DATA='${INSTALL} -m 644'
INSTALL_PROGRAM='${INSTALL}'
INSTALL_SCRIPT='${INSTALL}'
INSTALL_STRIP_PROGRAM='$(install_sh) -c -s'
LDFLAGS=''
LIBOBJS=''
LIBS='-lpthread -lm '
LTLIBOBJS=''
MAKEINFO='${SHELL} /pasteur/homes/glaval/CENTRALTEST/Selink_2/selink/missing --run makeinfo'
MKDIR_P='/bin/mkdir -p'
OBJEXT='o'
PACKAGE='selink'
PACKAGE_BUGREPORT='pierre.boutillier@laposte.net, epatin@pasteur.fr, glaval@pasteur.fr'
PACKAGE_NAME='selink'
PACKAGE_STRING='selink 1.0'
PACKAGE_TARNAME='selink'
PACKAGE_VERSION='1.0'
PATH_SEPARATOR=':'
SET_MAKE=''
SHELL='/bin/sh'
STRIP=''
VERSION='1.0'
ac_ct_CC='gcc'
am__EXEEXT_FALSE=''
am__EXEEXT_TRUE='#'
am__fastdepCC_FALSE='#'
am__fastdepCC_TRUE=''
am__include='include'
am__isrc=''
am__leading_dot='.'
am__quote=''
am__tar='${AMTAR} chof - "$$tardir"'
am__untar='${AMTAR} xf -'
bindir='${exec_prefix}/bin'
build_alias=''
datadir='${datarootdir}'
datarootdir='${prefix}/share'
docdir='${datarootdir}/doc/${PACKAGE_TARNAME}'
dvidir='${docdir}'
exec_prefix='${prefix}'
host_alias=''
htmldir='${docdir}'
includedir='${prefix}/include'
infodir='${datarootdir}/info'
install_sh='${SHELL} /pasteur/homes/glaval/CENTRALTEST/Selink_2/selink/install-sh'
libdir='${exec_prefix}/lib'
libexecdir='${exec_prefix}/libexec'
localedir='${datarootdir}/locale'
localstatedir='${prefix}/var'
mandir='${datarootdir}/man'
mkdir_p='/bin/mkdir -p'
oldincludedir='/usr/include'
pdfdir='${docdir}'
prefix='/usr/local'
program_transform_name='s,x,x,'
psdir='${docdir}'
sbindir='${exec_prefix}/sbin'
sharedstatedir='${prefix}/com'
sysconfdir='${prefix}/etc'
target_alias=''

## ----------- ##
## confdefs.h. ##
## ----------- ##

#define PACKAGE_NAME "selink"
#define PACKAGE_TARNAME "selink"
#define PACKAGE_VERSION "1.0"
#define PACKAGE_STRING "selink 1.0"
#define PACKAGE_BUGREPORT "pierre.boutillier@laposte.net, epatin@pasteur.fr, glaval@pasteur.fr"
#define STDC_HEADERS 1
#define HAVE_SYS_TYPES_H 1
#define HAVE_SYS_STAT_H 1
#define HAVE_STDLIB_H 1
#define HAVE_STRING_H 1
#define HAVE_MEMORY_H 1
#define HAVE_STRINGS_H 1
#define HAVE_INTTYPES_H 1
#define HAVE_STDINT_H 1
#define HAVE_UNISTD_H 1
#define __EXTENSIONS__ 1
#define _ALL_SOURCE 1
#define _GNU_SOURCE 1
#define _POSIX_PTHREAD_SEMANTICS 1
#define _TANDEM_SOURCE 1
#define HAVE_CTYPE_H 1
#define HAVE_ERR_H 1
#define HAVE_FCNTL_H 1
#define HAVE_GETOPT_H 1
#define HAVE_LIBGEN_H 1
#define HAVE_STDBOOL_H 1
#define HAVE_STDIO_H 1
#define HAVE_SYS_MMAN_H 1
#define HAVE_PTHREAD_H 1
#define LSTAT_FOLLOWS_SLASHED_SYMLINK 1
#define HAVE_STDLIB_H 1
#define HAVE_UNISTD_H 1
#define HAVE_GETPAGESIZE 1
#define HAVE_MMAP 1
#define HAVE_STDLIB_H 1
#define HAVE_MALLOC 1
#define HAVE_STDLIB_H 1
#define HAVE_REALLOC 1
#define HAVE_STRTOL 1
#define HAVE_STRDUP 1
#define HAVE_STRCHR 1
#define HAVE_POW 1
#define HAVE_ASPRINTF 1
#define PACKAGE "selink"
#define VERSION "1.0"

configure: exit 0

## ---------------------- ##
## Running config.status. ##
## ---------------------- ##

This file was extended by selink config.status 1.0, which was
generated by GNU Autoconf 2.63.  Invocation command line was

  CONFIG_FILES    = 
  CONFIG_HEADERS  = 
  CONFIG_LINKS    = 
  CONFIG_COMMANDS = 
  $ ./config.status 

on bic-t1a.cluster.pasteur.fr

config.status:801: creating Makefile
config.status:801: creating src/Makefile
config.status:801: creating test/Makefile
config.status:801: creating config.h
config.status:1023: config.h is unchanged
config.status:1075: executing depfiles commands

## ---------------------- ##
## Running config.status. ##
## ---------------------- ##

This file was extended by selink config.status 1.0, which was
generated by GNU Autoconf 2.63.  Invocation command line was

  CONFIG_FILES    = 
  CONFIG_HEADERS  = 
  CONFIG_LINKS    = 
  CONFIG_COMMANDS = 
  $ ./config.status config.h

on bic-t1a.cluster.pasteur.fr

config.status:801: creating config.h
config.status:1023: config.h is unchanged
